Traceback (most recent call last):
  File "/home/maojrs/Software/miniconda3/lib/python3.7/site-packages/jupyter_cache/executors/utils.py", line 56, in single_nb_execution
    record_timing=False,
  File "/home/maojrs/Software/miniconda3/lib/python3.7/site-packages/nbclient/client.py", line 1087, in execute
    return NotebookClient(nb=nb, resources=resources, km=km, **kwargs).execute()
  File "/home/maojrs/Software/miniconda3/lib/python3.7/site-packages/nbclient/util.py", line 74, in wrapped
    return just_run(coro(*args, **kwargs))
  File "/home/maojrs/Software/miniconda3/lib/python3.7/site-packages/nbclient/util.py", line 53, in just_run
    return loop.run_until_complete(coro)
  File "/home/maojrs/Software/miniconda3/lib/python3.7/asyncio/base_events.py", line 587, in run_until_complete
    return future.result()
  File "/home/maojrs/Software/miniconda3/lib/python3.7/site-packages/nbclient/client.py", line 541, in async_execute
    cell, index, execution_count=self.code_cells_executed + 1
  File "/home/maojrs/Software/miniconda3/lib/python3.7/site-packages/nbclient/client.py", line 832, in async_execute_cell
    self._check_raise_for_error(cell, exec_reply)
  File "/home/maojrs/Software/miniconda3/lib/python3.7/site-packages/nbclient/client.py", line 740, in _check_raise_for_error
    raise CellExecutionError.from_cell_and_msg(cell, exec_reply['content'])
nbclient.exceptions.CellExecutionError: An error occurred while executing the following cell:
------------------
import numpy as np
from ipywidgets import interact
import matplotlib.pyplot as plt
plt.rcParams.update({'font.size': 14})
# Bokeh libraries
from bokeh.layouts import column, row
from bokeh.models import CustomJS, Slider, WheelZoomTool, Legend, Span
from bokeh.plotting import ColumnDataSource, figure, output_file, show
from bokeh.palettes import Spectral11, Blues, viridis
from bokeh.io import output_notebook
output_notebook(hide_banner =  True)
------------------

[0;31m---------------------------------------------------------------------------[0m
[0;31mModuleNotFoundError[0m                       Traceback (most recent call last)
[0;32m<ipython-input-1-f4f23849f284>[0m in [0;36m<module>[0;34m[0m
[1;32m      4[0m [0mplt[0m[0;34m.[0m[0mrcParams[0m[0;34m.[0m[0mupdate[0m[0;34m([0m[0;34m{[0m[0;34m'font.size'[0m[0;34m:[0m [0;36m14[0m[0;34m}[0m[0;34m)[0m[0;34m[0m[0;34m[0m[0m
[1;32m      5[0m [0;31m# Bokeh libraries[0m[0;34m[0m[0;34m[0m[0;34m[0m[0m
[0;32m----> 6[0;31m [0;32mfrom[0m [0mbokeh[0m[0;34m.[0m[0mlayouts[0m [0;32mimport[0m [0mcolumn[0m[0;34m,[0m [0mrow[0m[0;34m[0m[0;34m[0m[0m
[0m[1;32m      7[0m [0;32mfrom[0m [0mbokeh[0m[0;34m.[0m[0mmodels[0m [0;32mimport[0m [0mCustomJS[0m[0;34m,[0m [0mSlider[0m[0;34m,[0m [0mWheelZoomTool[0m[0;34m,[0m [0mLegend[0m[0;34m,[0m [0mSpan[0m[0;34m[0m[0;34m[0m[0m
[1;32m      8[0m [0;32mfrom[0m [0mbokeh[0m[0;34m.[0m[0mplotting[0m [0;32mimport[0m [0mColumnDataSource[0m[0;34m,[0m [0mfigure[0m[0;34m,[0m [0moutput_file[0m[0;34m,[0m [0mshow[0m[0;34m[0m[0;34m[0m[0m

[0;31mModuleNotFoundError[0m: No module named 'bokeh'
ModuleNotFoundError: No module named 'bokeh'

