Traceback (most recent call last):
  File "/home/maojrs/Software/miniconda3/envs/jupbook/lib/python3.8/site-packages/jupyter_cache/executors/utils.py", line 51, in single_nb_execution
    executenb(
  File "/home/maojrs/Software/miniconda3/envs/jupbook/lib/python3.8/site-packages/nbclient/client.py", line 1112, in execute
    return NotebookClient(nb=nb, resources=resources, km=km, **kwargs).execute()
  File "/home/maojrs/Software/miniconda3/envs/jupbook/lib/python3.8/site-packages/nbclient/util.py", line 74, in wrapped
    return just_run(coro(*args, **kwargs))
  File "/home/maojrs/Software/miniconda3/envs/jupbook/lib/python3.8/site-packages/nbclient/util.py", line 53, in just_run
    return loop.run_until_complete(coro)
  File "/home/maojrs/Software/miniconda3/envs/jupbook/lib/python3.8/asyncio/base_events.py", line 616, in run_until_complete
    return future.result()
  File "/home/maojrs/Software/miniconda3/envs/jupbook/lib/python3.8/site-packages/nbclient/client.py", line 553, in async_execute
    await self.async_execute_cell(
  File "/home/maojrs/Software/miniconda3/envs/jupbook/lib/python3.8/site-packages/nbclient/client.py", line 857, in async_execute_cell
    self._check_raise_for_error(cell, exec_reply)
  File "/home/maojrs/Software/miniconda3/envs/jupbook/lib/python3.8/site-packages/nbclient/client.py", line 760, in _check_raise_for_error
    raise CellExecutionError.from_cell_and_msg(cell, exec_reply_content)
nbclient.exceptions.CellExecutionError: An error occurred while executing the following cell:
------------------
# Simple Bokeh plot  
xpositions = positions[:,0]
ypositions = positions[:,1]
plot = figure(plot_width=300, plot_height=250, match_aspect=True, tools="pan,wheel_zoom,reset")
plot.line(xpositions, ypositions, line_width=2, line_alpha=0.6)
plot.toolbar.logo = None
show(plot)
------------------

[0;31m--------------------------------------------------------------------------[0m
[0;31mNameError[0m                                Traceback (most recent call last)
[0;32m<ipython-input-1-c82e09a36ffc>[0m in [0;36m<module>[0;34m[0m
[1;32m      1[0m [0;31m# Simple Bokeh plot[0m[0;34m[0m[0;34m[0m[0;34m[0m[0m
[0;32m----> 2[0;31m [0mxpositions[0m [0;34m=[0m [0mpositions[0m[0;34m[[0m[0;34m:[0m[0;34m,[0m[0;36m0[0m[0;34m][0m[0;34m[0m[0;34m[0m[0m
[0m[1;32m      3[0m [0mypositions[0m [0;34m=[0m [0mpositions[0m[0;34m[[0m[0;34m:[0m[0;34m,[0m[0;36m1[0m[0;34m][0m[0;34m[0m[0;34m[0m[0m
[1;32m      4[0m [0mplot[0m [0;34m=[0m [0mfigure[0m[0;34m([0m[0mplot_width[0m[0;34m=[0m[0;36m300[0m[0;34m,[0m [0mplot_height[0m[0;34m=[0m[0;36m250[0m[0;34m,[0m [0mmatch_aspect[0m[0;34m=[0m[0;32mTrue[0m[0;34m,[0m [0mtools[0m[0;34m=[0m[0;34m"pan,wheel_zoom,reset"[0m[0;34m)[0m[0;34m[0m[0;34m[0m[0m
[1;32m      5[0m [0mplot[0m[0;34m.[0m[0mline[0m[0;34m([0m[0mxpositions[0m[0;34m,[0m [0mypositions[0m[0;34m,[0m [0mline_width[0m[0;34m=[0m[0;36m2[0m[0;34m,[0m [0mline_alpha[0m[0;34m=[0m[0;36m0.6[0m[0;34m)[0m[0;34m[0m[0;34m[0m[0m

[0;31mNameError[0m: name 'positions' is not defined
NameError: name 'positions' is not defined

